android/app/build/intermediates/manifest_merge_blame_file/release/processReleaseMainManifest/manifest-merger-blame-release-report.txt
1<?xml version="1.0" encoding="utf-8"?>
2<manifest xmlns:android="http://schemas.android.com/apk/res/android"
3    package="com.sohnidas_studios.boonk_arbeitszeit"
4    android:versionCode="1"
5    android:versionName="1.0" >
6
7    <uses-sdk
8        android:minSdkVersion="24"
9        android:targetSdkVersion="33" />
10
11    <uses-permission android:name="android.permission.INTERNET" />
11-->src/main/AndroidManifest.xml:4:5-67
11-->src/main/AndroidManifest.xml:4:22-64
12    <uses-permission android:name="android.permission.ACCESS_NETWORK_STATE" />
12-->src/main/AndroidManifest.xml:5:5-79
12-->src/main/AndroidManifest.xml:5:22-76
13    <uses-permission android:name="android.permission.MANAGE_EXTERNAL_STORAGE" />
13-->src/main/AndroidManifest.xml:6:5-82
13-->src/main/AndroidManifest.xml:6:22-79
14
15    <permission
15-->[androidx.core:core:1.9.0] AndroidManifest.xml:22:5-24:47
16        android:name="com.sohnidas_studios.boonk_arbeitszeit.DYNAMIC_RECEIVER_NOT_EXPORTED_PERMISSION"
16-->[androidx.core:core:1.9.0] AndroidManifest.xml:23:9-81
17        android:protectionLevel="signature" />
17-->[androidx.core:core:1.9.0] AndroidManifest.xml:24:9-44
18
19    <uses-permission android:name="com.sohnidas_studios.boonk_arbeitszeit.DYNAMIC_RECEIVER_NOT_EXPORTED_PERMISSION" />
19-->[androidx.core:core:1.9.0] AndroidManifest.xml:26:5-97
19-->[androidx.core:core:1.9.0] AndroidManifest.xml:26:22-94
20
21    <application
21-->src/main/AndroidManifest.xml:7:5-31:19
22        android:appComponentFactory="androidx.core.app.CoreComponentFactory"
22-->[androidx.core:core:1.9.0] AndroidManifest.xml:28:18-86
23        android:extractNativeLibs="false"
24        android:hasCode="true"
24-->src/main/AndroidManifest.xml:7:18-40
25        android:icon="@mipmap/ic_launcher"
25-->src/main/AndroidManifest.xml:7:68-102
26        android:label="@string/app_name"
26-->src/main/AndroidManifest.xml:8:9-41
27        android:supportsRtl="true"
27-->src/main/AndroidManifest.xml:7:41-67
28        android:theme="@style/AppTheme" >
28-->src/main/AndroidManifest.xml:8:42-73
29        <provider
29-->src/main/AndroidManifest.xml:9:7-17:12
30            android:name="androidx.core.content.FileProvider"
30-->src/main/AndroidManifest.xml:10:5-54
31            android:authorities="dev.dioxus.main.provider"
31-->src/main/AndroidManifest.xml:11:9-55
32            android:exported="false"
32-->src/main/AndroidManifest.xml:13:5-29
33            android:grantUriPermissions="true" >
33-->src/main/AndroidManifest.xml:12:5-39
34            <meta-data
34-->src/main/AndroidManifest.xml:14:5-16:46
35                android:name="android.support.FILE_PROVIDER_PATHS"
35-->src/main/AndroidManifest.xml:15:9-59
36                android:resource="@xml/file_paths" />
36-->src/main/AndroidManifest.xml:16:9-43
37        </provider>
38
39        <activity
39-->src/main/AndroidManifest.xml:19:9-30:20
40            android:name="dev.dioxus.main.MainActivity"
40-->src/main/AndroidManifest.xml:22:11-54
41            android:configChanges="orientation|screenSize|keyboardHidden"
41-->src/main/AndroidManifest.xml:19:19-80
42            android:exported="true"
42-->src/main/AndroidManifest.xml:20:11-34
43            android:label="@string/app_name"
43-->src/main/AndroidManifest.xml:21:11-43
44            android:screenOrientation="portrait" >
44-->src/main/AndroidManifest.xml:23:11-47
45            <meta-data
45-->src/main/AndroidManifest.xml:24:13-89
46                android:name="android.app.lib_name"
46-->src/main/AndroidManifest.xml:24:24-59
47                android:value="dioxusmain" />
47-->src/main/AndroidManifest.xml:24:60-86
48            <meta-data
48-->src/main/AndroidManifest.xml:25:13-104
49                android:name="android.app.func_name"
49-->src/main/AndroidManifest.xml:25:24-60
50                android:value="ANativeActivity_onCreate" />
50-->src/main/AndroidManifest.xml:25:61-101
51
52            <intent-filter>
52-->src/main/AndroidManifest.xml:26:13-29:29
53                <action android:name="android.intent.action.MAIN" />
53-->src/main/AndroidManifest.xml:27:17-69
53-->src/main/AndroidManifest.xml:27:25-66
54
55                <category android:name="android.intent.category.LAUNCHER" />
55-->src/main/AndroidManifest.xml:28:17-77
55-->src/main/AndroidManifest.xml:28:27-74
56            </intent-filter>
57        </activity>
58
59        <provider
59-->[androidx.emoji2:emoji2:1.2.0] AndroidManifest.xml:24:9-32:20
60            android:name="androidx.startup.InitializationProvider"
60-->[androidx.emoji2:emoji2:1.2.0] AndroidManifest.xml:25:13-67
61            android:authorities="com.sohnidas_studios.boonk_arbeitszeit.androidx-startup"
61-->[androidx.emoji2:emoji2:1.2.0] AndroidManifest.xml:26:13-68
62            android:exported="false" >
62-->[androidx.emoji2:emoji2:1.2.0] AndroidManifest.xml:27:13-37
63            <meta-data
63-->[androidx.emoji2:emoji2:1.2.0] AndroidManifest.xml:29:13-31:52
64                android:name="androidx.emoji2.text.EmojiCompatInitializer"
64-->[androidx.emoji2:emoji2:1.2.0] AndroidManifest.xml:30:17-75
65                android:value="androidx.startup" />
65-->[androidx.emoji2:emoji2:1.2.0] AndroidManifest.xml:31:17-49
66            <meta-data
66-->[androidx.lifecycle:lifecycle-process:2.4.1] AndroidManifest.xml:31:13-33:52
67                android:name="androidx.lifecycle.ProcessLifecycleInitializer"
67-->[androidx.lifecycle:lifecycle-process:2.4.1] AndroidManifest.xml:32:17-78
68                android:value="androidx.startup" />
68-->[androidx.lifecycle:lifecycle-process:2.4.1] AndroidManifest.xml:33:17-49
69        </provider>
70    </application>
71
72</manifest>